<?xml version="1.0" encoding="UTF-8"?>
<robot generated="20170418 08:40:15.061" generator="Robot 3.0.2 (Python 2.7.13 on win32)">
<suite source="C:\coding\repos\git_repos\4IT446\Tests\Smoke_tests\smoke_test.robot" id="s1" name="Smoke Test">
<test id="s1-t1" name="LoginTest">
<kw type="setup" name="Open Czc To The Main Page" library="Mahara_demo_keywords">
<arguments>
<arg>${url}</arg>
<arg>${browser}</arg>
</arguments>
<kw name="Open Browser" library="Selenium2Library">
<doc>Opens a new browser instance to given URL.</doc>
<arguments>
<arg>${url}</arg>
<arg>${browser}</arg>
</arguments>
<msg timestamp="20170418 08:40:15.287" level="INFO">Opening browser 'chrome' to base url 'https://www.czc.cz/'</msg>
<status status="PASS" endtime="20170418 08:40:20.968" starttime="20170418 08:40:15.286"></status>
</kw>
<kw name="Maximize Browser Window" library="Selenium2Library">
<doc>Maximizes current browser window.</doc>
<kw name="Capture Page Screenshot" library="Selenium2Library">
<doc>Takes a screenshot of the current page and embeds it into the log.</doc>
<status status="FAIL" endtime="20170418 08:40:39.870" starttime="20170418 08:40:31.014"></status>
</kw>
<msg timestamp="20170418 08:40:39.870" level="WARN">Keyword 'Capture Page Screenshot' could not be run on failure: Execution terminated by signal</msg>
<msg timestamp="20170418 08:40:39.883" level="FAIL">WebDriverException: Message: unknown error: cannot get automation extension
from unknown error: page could not be found: chrome-extension://aapnijgdinlhnhlmodcfapnahmbfebeb/_generated_background_page.html
  (Session info: chrome=57.0.2987.133)
  (Driver info: chromedriver=2.25.426923 (0390b88869384d6eb0d5d09729679f934aab9eed),platform=Windows NT 10.0.10586 x86_64)
</msg>
<status status="FAIL" endtime="20170418 08:40:39.883" starttime="20170418 08:40:20.968"></status>
</kw>
<status status="FAIL" endtime="20170418 08:40:39.884" starttime="20170418 08:40:15.286"></status>
</kw>
<kw type="teardown" name="Close All Browsers" library="Selenium2Library">
<doc>Closes all open browsers and resets the browser cache.</doc>
<status status="PASS" endtime="20170418 08:40:41.891" starttime="20170418 08:40:39.884"></status>
</kw>
<status status="FAIL" endtime="20170418 08:40:41.892" critical="yes" starttime="20170418 08:40:15.284">Setup failed:
WebDriverException: Message: unknown error: cannot get automation extension
from unknown error: page could not be found: chrome-extension://aapnijgdinlhnhlmodcfapnahmbfebeb/_generated_background_page.html
  (Session info: chrome=57.0.2987.133)
  (Driver info: chromedriver=2.25.426923 (0390b88869384d6eb0d5d09729679f934aab9eed),platform=Windows NT 10.0.10586 x86_64)
</status>
</test>
<status status="FAIL" endtime="20170418 08:40:41.929" starttime="20170418 08:40:15.066"></status>
</suite>
<statistics>
<total>
<stat fail="1" pass="0">Critical Tests</stat>
<stat fail="1" pass="0">All Tests</stat>
</total>
<tag>
</tag>
<suite>
<stat fail="1" id="s1" name="Smoke Test" pass="0">Smoke Test</stat>
</suite>
</statistics>
<errors>
<msg timestamp="20170418 08:40:39.870" level="WARN">Keyword 'Capture Page Screenshot' could not be run on failure: Execution terminated by signal</msg>
</errors>
</robot>
