<?xml version="1.0" encoding="UTF-8"?>
<robot generated="20170422 12:06:09.845" generator="Robot 3.0.2 (Python 2.7.13 on win32)">
<suite source="C:\coding\repos\git_repos\4IT446\Tests\Smoke_tests\smoke_test.robot" id="s1" name="Smoke Test">
<test id="s1-t1" name="LoginTest">
<kw type="setup" name="Open Czc To The Main Page" library="Mahara_demo_keywords">
<arguments>
<arg>${url}</arg>
<arg>${browser}</arg>
</arguments>
<kw name="Open Browser" library="Selenium2Library">
<doc>Opens a new browser instance to given URL.</doc>
<arguments>
<arg>${url}</arg>
<arg>${browser}</arg>
</arguments>
<msg timestamp="20170422 12:06:10.043" level="INFO">Opening browser 'chrome' to base url 'https://www.czc.cz/'</msg>
<status status="PASS" endtime="20170422 12:06:16.329" starttime="20170422 12:06:10.042"></status>
</kw>
<kw name="Maximize Browser Window" library="Selenium2Library">
<doc>Maximizes current browser window.</doc>
<kw name="Capture Page Screenshot" library="Selenium2Library">
<doc>Takes a screenshot of the current page and embeds it into the log.</doc>
<msg timestamp="20170422 12:06:36.358" level="FAIL">WebDriverException: Message: unknown error: cannot get automation extension
from chrome not reachable
  (Session info: chrome=57.0.2987.133)
  (Driver info: chromedriver=2.25.426923 (0390b88869384d6eb0d5d09729679f934aab9eed),platform=Windows NT 10.0.10586 x86_64)
</msg>
<status status="FAIL" endtime="20170422 12:06:36.358" starttime="20170422 12:06:26.404"></status>
</kw>
<msg timestamp="20170422 12:06:36.358" level="WARN">Keyword 'Capture Page Screenshot' could not be run on failure: WebDriverException: Message: unknown error: cannot get automation extension
from chrome not reachable
  (Session info: chrome=57.0.2987.133)
  (Driver info: chromedriver=2.25.426923 (0390b88869384d6eb0d5d09729679f934aab9eed),platform=Windows NT 10.0.10586 x86_64)
</msg>
<msg timestamp="20170422 12:06:36.362" level="FAIL">WebDriverException: Message: unknown error: cannot get automation extension
from unknown error: page could not be found: chrome-extension://aapnijgdinlhnhlmodcfapnahmbfebeb/_generated_background_page.html
  (Session info: chrome=57.0.2987.133)
  (Driver info: chromedriver=2.25.426923 (0390b88869384d6eb0d5d09729679f934aab9eed),platform=Windows NT 10.0.10586 x86_64)
</msg>
<status status="FAIL" endtime="20170422 12:06:36.363" starttime="20170422 12:06:16.330"></status>
</kw>
<status status="FAIL" endtime="20170422 12:06:36.363" starttime="20170422 12:06:10.042"></status>
</kw>
<kw type="teardown" name="Close All Browsers" library="Selenium2Library">
<doc>Closes all open browsers and resets the browser cache.</doc>
<status status="PASS" endtime="20170422 12:06:39.374" starttime="20170422 12:06:36.363"></status>
</kw>
<status status="FAIL" endtime="20170422 12:06:39.375" critical="yes" starttime="20170422 12:06:10.041">Setup failed:
WebDriverException: Message: unknown error: cannot get automation extension
from unknown error: page could not be found: chrome-extension://aapnijgdinlhnhlmodcfapnahmbfebeb/_generated_background_page.html
  (Session info: chrome=57.0.2987.133)
  (Driver info: chromedriver=2.25.426923 (0390b88869384d6eb0d5d09729679f934aab9eed),platform=Windows NT 10.0.10586 x86_64)
</status>
</test>
<status status="FAIL" endtime="20170422 12:06:39.390" starttime="20170422 12:06:09.848"></status>
</suite>
<statistics>
<total>
<stat fail="1" pass="0">Critical Tests</stat>
<stat fail="1" pass="0">All Tests</stat>
</total>
<tag>
</tag>
<suite>
<stat fail="1" id="s1" name="Smoke Test" pass="0">Smoke Test</stat>
</suite>
</statistics>
<errors>
<msg timestamp="20170422 12:06:36.358" level="WARN">Keyword 'Capture Page Screenshot' could not be run on failure: WebDriverException: Message: unknown error: cannot get automation extension
from chrome not reachable
  (Session info: chrome=57.0.2987.133)
  (Driver info: chromedriver=2.25.426923 (0390b88869384d6eb0d5d09729679f934aab9eed),platform=Windows NT 10.0.10586 x86_64)
</msg>
</errors>
</robot>
